<?xml version="1.0" encoding="UTF-8"?>
<TestRun id="838535ba-f516-4b64-ba25-6fec657ee1cf" name="burak@BURAK 2018-10-08 14:26:33" runUser="Burak\burak" xmlns="http://microsoft.com/schemas/VisualStudio/TeamTest/2010">
  <Times creation="2018-10-08T14:26:33.9258412+03:00" queuing="2018-10-08T14:26:33.9258412+03:00" start="2018-10-08T14:26:31.0650453+03:00" finish="2018-10-08T14:26:34.1843847+03:00" />
  <TestSettings name="default" id="1bdd11eb-acab-429f-8f1e-0294547056ae">
    <Execution>
      <TestTypeSpecific />
    </Execution>
    <Deployment runDeploymentRoot="burak_BURAK 2018-10-08 14_26_33" />
    <Properties />
  </TestSettings>
  <Results>
    <UnitTestResult executionId="5affe536-50bc-4ef4-b559-3fdd32212a96" testId="8dd356f1-8091-4813-88ba-b8e776dcb6a0" testName="ToplaTest" computerName="BURAK" duration="00:00:02.0839593" startTime="2018-10-08T14:26:31.0650453+03:00" endTime="2018-10-08T14:26:33.4727602+03:00" testType="13cdc9d9-ddb5-4fa4-a97d-d965ccfc6d4b" outcome="Passed" testListId="8c84fa94-04c1-424b-9868-57a2d4851a1d" relativeResultsDirectory="5affe536-50bc-4ef4-b559-3fdd32212a96" />
    <UnitTestResult executionId="3b4a3354-d7f1-40f8-9b5b-02b94a33e225" testId="e511471d-2880-8d8d-4aa2-6f81f5f46f03" testName="CikarTest" computerName="BURAK" duration="00:00:00.0012580" startTime="2018-10-08T14:26:33.4907496+03:00" endTime="2018-10-08T14:26:33.4917475+03:00" testType="13cdc9d9-ddb5-4fa4-a97d-d965ccfc6d4b" outcome="Passed" testListId="8c84fa94-04c1-424b-9868-57a2d4851a1d" relativeResultsDirectory="3b4a3354-d7f1-40f8-9b5b-02b94a33e225" />
    <UnitTestResult executionId="5c3b1af7-6ab3-4eaf-bad0-1133634b2313" testId="d94e0060-2318-c87a-755a-b3ef39dc99b8" testName="CarpTest" computerName="BURAK" duration="00:00:00.0085014" startTime="2018-10-08T14:26:33.4937465+03:00" endTime="2018-10-08T14:26:33.5037416+03:00" testType="13cdc9d9-ddb5-4fa4-a97d-d965ccfc6d4b" outcome="Passed" testListId="8c84fa94-04c1-424b-9868-57a2d4851a1d" relativeResultsDirectory="5c3b1af7-6ab3-4eaf-bad0-1133634b2313" />
    <UnitTestResult executionId="eeb30373-b3df-4994-876f-b713b163eeab" testId="bb6379a9-7946-15eb-ca71-ddbcf694c0dd" testName="BolTest" computerName="BURAK" duration="00:00:00.0013961" startTime="2018-10-08T14:26:33.5037416+03:00" endTime="2018-10-08T14:26:33.5057398+03:00" testType="13cdc9d9-ddb5-4fa4-a97d-d965ccfc6d4b" outcome="Passed" testListId="8c84fa94-04c1-424b-9868-57a2d4851a1d" relativeResultsDirectory="eeb30373-b3df-4994-876f-b713b163eeab" />
  </Results>
  <TestDefinitions>
    <UnitTest name="ToplaTest" storage="c:\users\burak\source\repos\mvcsonar\sonarqube.hesapla.tests\bin\debug\sonarqube.hesapla.tests.dll" id="8dd356f1-8091-4813-88ba-b8e776dcb6a0">
      <Execution id="5affe536-50bc-4ef4-b559-3fdd32212a96" />
      <TestMethod codeBase="C:\Users\burak\Source\Repos\mvcsonar\SonarQube.Hesapla.Tests\bin\Debug\SonarQube.Hesapla.Tests.dll" adapterTypeName="Microsoft.VisualStudio.TestTools.TestTypes.Unit.UnitTestAdapter" className="SonarQube.Tests.HesaplaTests" name="ToplaTest" />
    </UnitTest>
    <UnitTest name="CikarTest" storage="c:\users\burak\source\repos\mvcsonar\sonarqube.hesapla.tests\bin\debug\sonarqube.hesapla.tests.dll" id="e511471d-2880-8d8d-4aa2-6f81f5f46f03">
      <Execution id="3b4a3354-d7f1-40f8-9b5b-02b94a33e225" />
      <TestMethod codeBase="C:\Users\burak\Source\Repos\mvcsonar\SonarQube.Hesapla.Tests\bin\Debug\SonarQube.Hesapla.Tests.dll" adapterTypeName="Microsoft.VisualStudio.TestTools.TestTypes.Unit.UnitTestAdapter" className="SonarQube.Tests.HesaplaTests" name="CikarTest" />
    </UnitTest>
    <UnitTest name="CarpTest" storage="c:\users\burak\source\repos\mvcsonar\sonarqube.hesapla.tests\bin\debug\sonarqube.hesapla.tests.dll" id="d94e0060-2318-c87a-755a-b3ef39dc99b8">
      <Execution id="5c3b1af7-6ab3-4eaf-bad0-1133634b2313" />
      <TestMethod codeBase="C:\Users\burak\Source\Repos\mvcsonar\SonarQube.Hesapla.Tests\bin\Debug\SonarQube.Hesapla.Tests.dll" adapterTypeName="Microsoft.VisualStudio.TestTools.TestTypes.Unit.UnitTestAdapter" className="SonarQube.Tests.HesaplaTests" name="CarpTest" />
    </UnitTest>
    <UnitTest name="BolTest" storage="c:\users\burak\source\repos\mvcsonar\sonarqube.hesapla.tests\bin\debug\sonarqube.hesapla.tests.dll" id="bb6379a9-7946-15eb-ca71-ddbcf694c0dd">
      <Execution id="eeb30373-b3df-4994-876f-b713b163eeab" />
      <TestMethod codeBase="C:\Users\burak\Source\Repos\mvcsonar\SonarQube.Hesapla.Tests\bin\Debug\SonarQube.Hesapla.Tests.dll" adapterTypeName="Microsoft.VisualStudio.TestTools.TestTypes.Unit.UnitTestAdapter" className="SonarQube.Tests.HesaplaTests" name="BolTest" />
    </UnitTest>
  </TestDefinitions>
  <TestEntries>
    <TestEntry testId="8dd356f1-8091-4813-88ba-b8e776dcb6a0" executionId="5affe536-50bc-4ef4-b559-3fdd32212a96" testListId="8c84fa94-04c1-424b-9868-57a2d4851a1d" />
    <TestEntry testId="e511471d-2880-8d8d-4aa2-6f81f5f46f03" executionId="3b4a3354-d7f1-40f8-9b5b-02b94a33e225" testListId="8c84fa94-04c1-424b-9868-57a2d4851a1d" />
    <TestEntry testId="d94e0060-2318-c87a-755a-b3ef39dc99b8" executionId="5c3b1af7-6ab3-4eaf-bad0-1133634b2313" testListId="8c84fa94-04c1-424b-9868-57a2d4851a1d" />
    <TestEntry testId="bb6379a9-7946-15eb-ca71-ddbcf694c0dd" executionId="eeb30373-b3df-4994-876f-b713b163eeab" testListId="8c84fa94-04c1-424b-9868-57a2d4851a1d" />
  </TestEntries>
  <TestLists>
    <TestList name="Results Not in a List" id="8c84fa94-04c1-424b-9868-57a2d4851a1d" />
    <TestList name="All Loaded Results" id="19431567-8539-422a-85d7-44ee4e166bda" />
  </TestLists>
  <ResultSummary outcome="Completed">
    <Counters total="4" executed="4" passed="4" failed="0" error="0" timeout="0" aborted="0" inconclusive="0" passedButRunAborted="0" notRunnable="0" notExecuted="0" disconnected="0" warning="0" completed="0" inProgress="0" pending="0" />
  </ResultSummary>
</TestRun>